INFO:log:Args: {'dataset': 'imdb', 'target_model': 'textattack/roberta-base-imdb', 'model_type': 'roberta', 'scenario': 's1', 'include_fae': False, 'use_val': False, 'cov_estimator': 'MCD', 'attack_type': 'bae', 'exp_name': 'lastrun', 'fpr_threshold': 0.1, 'baseline': False, 'visualize': True, 'model_params_path': 'params/reduce_dim_100.json', 'PCA_dim': None, 'MCD_h': None, 'gpu': '0', 'start_seed': 0, 'end_seed': 1, 'mnli_option': 'matched', 'preprocess': 'standard', 'data_type': 'standard', 'pkl_test_path': ' ', 'pkl_val_path': ' ', 'log_path': 'runs/imdb/lastrun/textattack-roberta-base-imdb/bae'}
INFO:log:Using params...
INFO:log:{'shared_cov': False, 'reduce_dim': {'do': True, 'method': 'PCA', 'kernel': 'rbf', 'dim': 100}, 'sample': True, 'scaler': False, 'layer_param': {'cls_layer': -1, 'num_layer': 1}, 'h': None}
INFO:log:Loading textattack/roberta-base-imdb
INFO:log:Elapsed time for model fitting : 89.84761786460876
INFO:log:Args: {'dataset': 'imdb', 'target_model': 'textattack/roberta-base-imdb', 'model_type': 'roberta', 'scenario': 's1', 'include_fae': False, 'use_val': False, 'cov_estimator': 'MCD', 'attack_type': 'bae', 'exp_name': 'lastrun', 'fpr_threshold': 0.1, 'baseline': False, 'visualize': True, 'model_params_path': 'params/reduce_dim_100.json', 'PCA_dim': None, 'MCD_h': None, 'gpu': '0', 'start_seed': 0, 'end_seed': 0, 'mnli_option': 'matched', 'preprocess': 'standard', 'data_type': 'standard', 'pkl_test_path': ' ', 'pkl_val_path': ' ', 'log_path': 'runs/imdb/lastrun/textattack-roberta-base-imdb/bae'}
INFO:log:Using params...
INFO:log:{'shared_cov': False, 'reduce_dim': {'do': True, 'method': 'PCA', 'kernel': 'rbf', 'dim': 100}, 'sample': True, 'scaler': False, 'layer_param': {'cls_layer': -1, 'num_layer': 1}, 'h': None}
INFO:log:Loading textattack/roberta-base-imdb
INFO:log:Elapsed time for model fitting : 122.01651692390442
INFO:log:Args: {'dataset': 'imdb', 'target_model': 'textattack/roberta-base-imdb', 'model_type': 'roberta', 'scenario': 's1', 'include_fae': False, 'use_val': False, 'cov_estimator': 'MCD', 'attack_type': 'bae', 'exp_name': 'lastrun', 'fpr_threshold': 0.1, 'baseline': False, 'visualize': False, 'model_params_path': 'params/reduce_dim_100.json', 'PCA_dim': None, 'MCD_h': None, 'gpu': '0', 'start_seed': 0, 'end_seed': 0, 'mnli_option': 'matched', 'preprocess': 'standard', 'data_type': 'standard', 'pkl_test_path': ' ', 'pkl_val_path': ' ', 'log_path': 'runs/imdb/lastrun/textattack-roberta-base-imdb/bae'}
INFO:log:Using params...
INFO:log:{'shared_cov': False, 'reduce_dim': {'do': True, 'method': 'PCA', 'kernel': 'rbf', 'dim': 100}, 'sample': True, 'scaler': False, 'layer_param': {'cls_layer': -1, 'num_layer': 1}, 'h': None}
INFO:log:Loading textattack/roberta-base-imdb
INFO:log:Elapsed time for model fitting : 120.55241417884827
INFO:log:Seed=0
INFO:log:Splitting attack-log\original\imdb\roberta\bae\roberta-base-imdb_bae.csv
INFO:log:test/val split saved in cache
INFO:log:Percentage of adv. samples :1869/3738 = 0.500000
INFO:log:-----Results-----
INFO:log:Using MLE estimator
INFO:log:TPR at FPR=0.1 : 0.966
INFO:log:F1 : 0.936, prec: 0.907, recall: 0.966
INFO:log:AUC: 0.973
INFO:log:-----Results-----
INFO:log:Using MCD estimator
INFO:log:TPR at FPR=0.1 : 0.953
INFO:log:F1 : 0.929, prec: 0.905, recall: 0.953
INFO:log:AUC: 0.979
